<?xml version="1.0" encoding="UTF-8"?>
<!-- Generated by org.testng.reporters.JUnitReportReporter -->
<testsuite hostname="LAPTOP-276OLDDK" failures="0" tests="2" name="June18.CrossBrowserTest" time="25.247" errors="0" timestamp="2021-07-14T13:01:05 IST" skipped="0">
  <testcase classname="June18.CrossBrowserTest" name="verifyLogin" time="10.180"/>
  <system-out>
    <![CDATA[Login success]]>
  </system-out>
  <testcase classname="June18.CrossBrowserTest" name="verifyLogin" time="15.067"/>
  <system-out>
    <![CDATA[Login success]]>
  </system-out>
</testsuite> <!-- June18.CrossBrowserTest -->
