<?xml version="1.0" encoding="UTF-8"?>
<!-- Generated by org.testng.reporters.JUnitReportReporter -->
<testsuite hostname="LAPTOP-276OLDDK" failures="0" tests="1" name="June18.Demo3" time="28.586" errors="0" timestamp="2021-08-02T21:13:56 IST" skipped="0">
  <testcase classname="June18.Demo3" name="verifyTitle" time="28.586"/>
  <system-out/>
</testsuite> <!-- June18.Demo3 -->
