<?xml version="1.0" encoding="UTF-8"?>
<!-- Generated by org.testng.reporters.JUnitReportReporter -->
<testsuite hostname="LAPTOP-276OLDDK" failures="0" tests="3" name="June15.Demo2" time="89.900" errors="0" timestamp="2021-07-12T15:56:17 IST" skipped="0">
  <testcase classname="June15.Demo2" name="Admin" time="26.057"/>
  <system-out>
    <![CDATA[Executing admin test]]>
  </system-out>
  <testcase classname="June15.Demo2" name="pim" time="37.631"/>
  <system-out>
    <![CDATA[Executing pim test]]>
  </system-out>
  <testcase classname="June15.Demo2" name="leave" time="26.212"/>
  <system-out>
    <![CDATA[Executing leave test]]>
  </system-out>
</testsuite> <!-- June15.Demo2 -->
