<?xml version="1.0" encoding="UTF-8"?>
<!-- Generated by org.testng.reporters.JUnitReportReporter -->
<testsuite hostname="LAPTOP-276OLDDK" failures="0" tests="3" name="June15.Demo1" time="5.314" errors="0" timestamp="2021-07-12T15:56:17 IST" skipped="0">
  <testcase classname="June15.Demo1" name="cbanking" time="2.102"/>
  <system-out>
    <![CDATA[Executing pbanking Test]]>
  </system-out>
  <testcase classname="June15.Demo1" name="ibanking" time="0.864"/>
  <system-out>
    <![CDATA[Executing pbanking Test]]>
  </system-out>
  <testcase classname="June15.Demo1" name="pbanking" time="2.348"/>
  <system-out>
    <![CDATA[Executing pbanking Test]]>
  </system-out>
</testsuite> <!-- June15.Demo1 -->
