<?xml version="1.0" encoding="UTF-8"?>
<!-- Generated by org.testng.reporters.JUnitReportReporter -->
<testsuite hostname="LAPTOP-276OLDDK" failures="0" tests="1" name="June18.Demo1" time="56.046" errors="0" timestamp="2021-08-02T21:02:57 IST" skipped="0">
  <testcase classname="June18.Demo1" name="verifyTitle" time="56.046"/>
  <system-out/>
</testsuite> <!-- June18.Demo1 -->
