<?xml version="1.0" encoding="UTF-8"?>
<!-- Generated by org.testng.reporters.JUnitReportReporter -->
<testsuite hostname="LAPTOP-276OLDDK" failures="0" tests="5" name="June15.Demo4" time="194.667" errors="0" timestamp="2021-07-11T22:52:16 IST" skipped="0">
  <testcase classname="June15.Demo4" name="multiplication" time="35.632"/>
  <system-out>
    <![CDATA[7506140]]>
  </system-out>
  <testcase classname="June15.Demo4" name="multiplication" time="39.358"/>
  <system-out>
    <![CDATA[7506140]]>
  </system-out>
  <testcase classname="June15.Demo4" name="multiplication" time="35.996"/>
  <system-out>
    <![CDATA[7506140]]>
  </system-out>
  <testcase classname="June15.Demo4" name="multiplication" time="48.896"/>
  <system-out>
    <![CDATA[7506140]]>
  </system-out>
  <testcase classname="June15.Demo4" name="multiplication" time="34.785"/>
  <system-out>
    <![CDATA[7506140]]>
  </system-out>
</testsuite> <!-- June15.Demo4 -->
