<?xml version="1.0" encoding="UTF-8"?>
<!-- Generated by org.testng.reporters.JUnitReportReporter -->
<testsuite hostname="LAPTOP-276OLDDK" failures="0" tests="3" name="June22.ReportDemo" time="0.648" errors="0" timestamp="2021-08-17T11:48:33 IST" skipped="0">
  <testcase classname="June22.ReportDemo" name="testSkip" time="0.480"/>
  <system-out/>
  <testcase classname="June22.ReportDemo" name="testPass" time="0.074"/>
  <system-out/>
  <testcase classname="June22.ReportDemo" name="testfail" time="0.094"/>
  <system-out/>
</testsuite> <!-- June22.ReportDemo -->
