<?xml version="1.0" encoding="UTF-8"?>
<!-- Generated by org.testng.reporters.JUnitReportReporter -->
<testsuite hostname="LAPTOP-276OLDDK" failures="0" tests="3" name="June14.Demo1" time="0.016" errors="0" timestamp="2021-07-11T19:50:17 IST" skipped="0">
  <testcase classname="June14.Demo1" name="compose" time="0.008"/>
  <system-out>
    <![CDATA[Executing Compose Test]]>
  </system-out>
  <testcase classname="June14.Demo1" name="reply" time="0.002"/>
  <system-out>
    <![CDATA[Executing Reply Test]]>
  </system-out>
  <testcase classname="June14.Demo1" name="login" time="0.006"/>
  <system-out>
    <![CDATA[Executing Login Test]]>
  </system-out>
</testsuite> <!-- June14.Demo1 -->
