<?xml version="1.0" encoding="UTF-8"?>
<!-- Generated by org.testng.reporters.JUnitReportReporter -->
<testsuite hostname="LAPTOP-276OLDDK" failures="0" tests="1" name="June18.Demo2" time="24.774" errors="0" timestamp="2021-08-02T21:04:51 IST" skipped="0">
  <testcase classname="June18.Demo2" name="verifyTitle" time="24.774"/>
  <system-out/>
</testsuite> <!-- June18.Demo2 -->
