<?xml version="1.0" encoding="UTF-8"?>
<!-- Generated by org.testng.reporters.JUnitReportReporter -->
<testsuite hostname="LAPTOP-276OLDDK" failures="0" tests="3" name="June15.Demo3" time="41.459" errors="0" timestamp="2021-07-12T15:56:17 IST" skipped="1">
  <testcase classname="June15.Demo3" name="multiplication" time="20.895"/>
  <system-out>
    <![CDATA[7506140]]>
  </system-out>
  <testcase classname="June15.Demo3" name="addition" time="20.564"/>
  <system-out>
    <![CDATA[389]]>
  </system-out>
  <testcase classname="June15.Demo3" name="division">
    <skipped/>
  </testcase> <!-- division -->
  <system-out/>
</testsuite> <!-- June15.Demo3 -->
