<?xml version="1.0" encoding="UTF-8"?>
<!-- Generated by org.testng.reporters.JUnitReportReporter -->
<testsuite hostname="LAPTOP-276OLDDK" failures="0" tests="1" name="June22.PropertyFile" time="3.662" errors="0" timestamp="2021-07-18T11:03:12 IST" skipped="0">
  <testcase classname="June22.PropertyFile" name="login" time="3.662"/>
  <system-out/>
</testsuite> <!-- June22.PropertyFile -->
