<?xml version="1.0" encoding="UTF-8"?>
<!-- Generated by org.testng.reporters.JUnitReportReporter -->
<testsuite hostname="LAPTOP-276OLDDK" failures="0" tests="4" name="June16.Dependonmethods" time="28.317" errors="0" timestamp="2021-07-12T15:56:17 IST" skipped="0">
  <testcase classname="June16.Dependonmethods" name="users" time="7.067"/>
  <system-out/>
  <testcase classname="June16.Dependonmethods" name="employee" time="6.362"/>
  <system-out/>
  <testcase classname="June16.Dependonmethods" name="roles" time="7.591"/>
  <system-out/>
  <testcase classname="June16.Dependonmethods" name="branches" time="7.297"/>
  <system-out/>
</testsuite> <!-- June16.Dependonmethods -->
