<?xml version="1.0" encoding="UTF-8"?>
<!-- Generated by org.testng.reporters.JUnitReportReporter -->
<testsuite hostname="LAPTOP-276OLDDK" failures="0" tests="1" name="June16.HrmOrange" time="7.744" errors="0" timestamp="2021-07-12T22:54:18 IST" skipped="0">
  <testcase classname="June16.HrmOrange" name="verifyLogin" time="7.744"/>
  <system-out>
    <![CDATA[Login success]]>
  </system-out>
</testsuite> <!-- June16.HrmOrange -->
